<link rel="stylesheet" type="text/css" href="log.css"/>

    <div  class="LOG INFO">
        <span class="DATE">Wed, 30 Sep 2015 11:07:02</span>
        <span class="LEVEL">INFO</span>
        <span class="MSG">: Overall finplate connection design is safe 
</span>
    </div>

    <div  class="LOG DEBUG">
        <span class="DATE">Wed, 30 Sep 2015 11:07:02</span>
        <span class="LEVEL">DEBUG</span>
        <span class="MSG"> :=========End Of design===========</span>
    </div>

    <div  class="LOG INFO">
        <span class="DATE">Wed, 30 Sep 2015 11:07:02</span>
        <span class="LEVEL">INFO</span>
        <span class="MSG">: Overall finplate connection design is safe 
</span>
    </div>

    <div  class="LOG DEBUG">
        <span class="DATE">Wed, 30 Sep 2015 11:07:02</span>
        <span class="LEVEL">DEBUG</span>
        <span class="MSG"> :=========End Of design===========</span>
    </div>

    <div  class="LOG INFO">
        <span class="DATE">Wed, 21 Oct 2015 16:34:32</span>
        <span class="LEVEL">INFO</span>
        <span class="MSG">: Overall finplate connection design is safe 
</span>
    </div>

    <div  class="LOG DEBUG">
        <span class="DATE">Wed, 21 Oct 2015 16:34:32</span>
        <span class="LEVEL">DEBUG</span>
        <span class="MSG"> :=========End Of design===========</span>
    </div>

    <div  class="LOG INFO">
        <span class="DATE">Wed, 21 Oct 2015 16:34:32</span>
        <span class="LEVEL">INFO</span>
        <span class="MSG">: Overall finplate connection design is safe 
</span>
    </div>

    <div  class="LOG DEBUG">
        <span class="DATE">Wed, 21 Oct 2015 16:34:32</span>
        <span class="LEVEL">DEBUG</span>
        <span class="MSG"> :=========End Of design===========</span>
    </div>

    <div  class="LOG INFO">
        <span class="DATE">Wed, 21 Oct 2015 16:34:33</span>
        <span class="LEVEL">INFO</span>
        <span class="MSG">: Overall finplate connection design is safe 
</span>
    </div>

    <div  class="LOG DEBUG">
        <span class="DATE">Wed, 21 Oct 2015 16:34:33</span>
        <span class="LEVEL">DEBUG</span>
        <span class="MSG"> :=========End Of design===========</span>
    </div>
