<link rel="stylesheet" type="text/css" href="./Connections/Shear/Finplate/log.css"/>

    <div  class="LOG INFO">
        <span class="DATE">Thu, 01 Oct 2015 15:37:28</span>
        <span class="LEVEL">INFO</span>
        <span class="MSG">: Overall finplate connection design is safe 
</span>
    </div>

    <div  class="LOG DEBUG">
        <span class="DATE">Thu, 01 Oct 2015 15:37:28</span>
        <span class="LEVEL">DEBUG</span>
        <span class="MSG"> :=========End Of design===========</span>
    </div>

    <div  class="LOG INFO">
        <span class="DATE">Thu, 01 Oct 2015 15:37:28</span>
        <span class="LEVEL">INFO</span>
        <span class="MSG">: Overall finplate connection design is safe 
</span>
    </div>

    <div  class="LOG DEBUG">
        <span class="DATE">Thu, 01 Oct 2015 15:37:28</span>
        <span class="LEVEL">DEBUG</span>
        <span class="MSG"> :=========End Of design===========</span>
    </div>

    <div  class="LOG INFO">
        <span class="DATE">Thu, 01 Oct 2015 15:39:26</span>
        <span class="LEVEL">INFO</span>
        <span class="MSG">: Overall finplate connection design is safe 
</span>
    </div>

    <div  class="LOG DEBUG">
        <span class="DATE">Thu, 01 Oct 2015 15:39:26</span>
        <span class="LEVEL">DEBUG</span>
        <span class="MSG"> :=========End Of design===========</span>
    </div>

    <div  class="LOG INFO">
        <span class="DATE">Thu, 01 Oct 2015 15:39:26</span>
        <span class="LEVEL">INFO</span>
        <span class="MSG">: Overall finplate connection design is safe 
</span>
    </div>

    <div  class="LOG DEBUG">
        <span class="DATE">Thu, 01 Oct 2015 15:39:26</span>
        <span class="LEVEL">DEBUG</span>
        <span class="MSG"> :=========End Of design===========</span>
    </div>

    <div  class="LOG INFO">
        <span class="DATE">Thu, 01 Oct 2015 15:40:31</span>
        <span class="LEVEL">INFO</span>
        <span class="MSG">: Overall finplate connection design is safe 
</span>
    </div>

    <div  class="LOG DEBUG">
        <span class="DATE">Thu, 01 Oct 2015 15:40:31</span>
        <span class="LEVEL">DEBUG</span>
        <span class="MSG"> :=========End Of design===========</span>
    </div>

    <div  class="LOG INFO">
        <span class="DATE">Mon, 12 Oct 2015 16:22:07</span>
        <span class="LEVEL">INFO</span>
        <span class="MSG">: Overall finplate connection design is safe 
</span>
    </div>

    <div  class="LOG DEBUG">
        <span class="DATE">Mon, 12 Oct 2015 16:22:07</span>
        <span class="LEVEL">DEBUG</span>
        <span class="MSG"> :=========End Of design===========</span>
    </div>

    <div  class="LOG INFO">
        <span class="DATE">Mon, 12 Oct 2015 16:22:07</span>
        <span class="LEVEL">INFO</span>
        <span class="MSG">: Overall finplate connection design is safe 
</span>
    </div>

    <div  class="LOG DEBUG">
        <span class="DATE">Mon, 12 Oct 2015 16:22:07</span>
        <span class="LEVEL">DEBUG</span>
        <span class="MSG"> :=========End Of design===========</span>
    </div>

    <div  class="LOG INFO">
        <span class="DATE">Mon, 12 Oct 2015 17:37:55</span>
        <span class="LEVEL">INFO</span>
        <span class="MSG">: Overall finplate connection design is safe 
</span>
    </div>

    <div  class="LOG DEBUG">
        <span class="DATE">Mon, 12 Oct 2015 17:37:55</span>
        <span class="LEVEL">DEBUG</span>
        <span class="MSG"> :=========End Of design===========</span>
    </div>

    <div  class="LOG INFO">
        <span class="DATE">Mon, 12 Oct 2015 17:37:55</span>
        <span class="LEVEL">INFO</span>
        <span class="MSG">: Overall finplate connection design is safe 
</span>
    </div>

    <div  class="LOG DEBUG">
        <span class="DATE">Mon, 12 Oct 2015 17:37:55</span>
        <span class="LEVEL">DEBUG</span>
        <span class="MSG"> :=========End Of design===========</span>
    </div>

    <div  class="LOG INFO">
        <span class="DATE">Mon, 12 Oct 2015 17:39:46</span>
        <span class="LEVEL">INFO</span>
        <span class="MSG">: Overall finplate connection design is safe 
</span>
    </div>

    <div  class="LOG DEBUG">
        <span class="DATE">Mon, 12 Oct 2015 17:39:46</span>
        <span class="LEVEL">DEBUG</span>
        <span class="MSG"> :=========End Of design===========</span>
    </div>

    <div  class="LOG INFO">
        <span class="DATE">Mon, 12 Oct 2015 17:39:46</span>
        <span class="LEVEL">INFO</span>
        <span class="MSG">: Overall finplate connection design is safe 
</span>
    </div>

    <div  class="LOG DEBUG">
        <span class="DATE">Mon, 12 Oct 2015 17:39:46</span>
        <span class="LEVEL">DEBUG</span>
        <span class="MSG"> :=========End Of design===========</span>
    </div>

    <div  class="LOG INFO">
        <span class="DATE">Mon, 12 Oct 2015 17:40:35</span>
        <span class="LEVEL">INFO</span>
        <span class="MSG">: Overall finplate connection design is safe 
</span>
    </div>

    <div  class="LOG DEBUG">
        <span class="DATE">Mon, 12 Oct 2015 17:40:35</span>
        <span class="LEVEL">DEBUG</span>
        <span class="MSG"> :=========End Of design===========</span>
    </div>

    <div  class="LOG INFO">
        <span class="DATE">Mon, 12 Oct 2015 17:40:35</span>
        <span class="LEVEL">INFO</span>
        <span class="MSG">: Overall finplate connection design is safe 
</span>
    </div>

    <div  class="LOG DEBUG">
        <span class="DATE">Mon, 12 Oct 2015 17:40:35</span>
        <span class="LEVEL">DEBUG</span>
        <span class="MSG"> :=========End Of design===========</span>
    </div>

    <div  class="LOG INFO">
        <span class="DATE">Mon, 12 Oct 2015 17:41:15</span>
        <span class="LEVEL">INFO</span>
        <span class="MSG">: Overall finplate connection design is safe 
</span>
    </div>

    <div  class="LOG DEBUG">
        <span class="DATE">Mon, 12 Oct 2015 17:41:15</span>
        <span class="LEVEL">DEBUG</span>
        <span class="MSG"> :=========End Of design===========</span>
    </div>

    <div  class="LOG INFO">
        <span class="DATE">Mon, 12 Oct 2015 17:41:15</span>
        <span class="LEVEL">INFO</span>
        <span class="MSG">: Overall finplate connection design is safe 
</span>
    </div>

    <div  class="LOG DEBUG">
        <span class="DATE">Mon, 12 Oct 2015 17:41:15</span>
        <span class="LEVEL">DEBUG</span>
        <span class="MSG"> :=========End Of design===========</span>
    </div>

    <div  class="LOG INFO">
        <span class="DATE">Mon, 12 Oct 2015 17:41:19</span>
        <span class="LEVEL">INFO</span>
        <span class="MSG">: Overall finplate connection design is safe 
</span>
    </div>

    <div  class="LOG DEBUG">
        <span class="DATE">Mon, 12 Oct 2015 17:41:19</span>
        <span class="LEVEL">DEBUG</span>
        <span class="MSG"> :=========End Of design===========</span>
    </div>

    <div  class="LOG INFO">
        <span class="DATE">Mon, 12 Oct 2015 17:42:10</span>
        <span class="LEVEL">INFO</span>
        <span class="MSG">: Overall finplate connection design is safe 
</span>
    </div>

    <div  class="LOG DEBUG">
        <span class="DATE">Mon, 12 Oct 2015 17:42:10</span>
        <span class="LEVEL">DEBUG</span>
        <span class="MSG"> :=========End Of design===========</span>
    </div>

    <div  class="LOG INFO">
        <span class="DATE">Mon, 12 Oct 2015 17:42:10</span>
        <span class="LEVEL">INFO</span>
        <span class="MSG">: Overall finplate connection design is safe 
</span>
    </div>

    <div  class="LOG DEBUG">
        <span class="DATE">Mon, 12 Oct 2015 17:42:10</span>
        <span class="LEVEL">DEBUG</span>
        <span class="MSG"> :=========End Of design===========</span>
    </div>

    <div  class="LOG INFO">
        <span class="DATE">Mon, 12 Oct 2015 17:42:14</span>
        <span class="LEVEL">INFO</span>
        <span class="MSG">: Overall finplate connection design is safe 
</span>
    </div>

    <div  class="LOG DEBUG">
        <span class="DATE">Mon, 12 Oct 2015 17:42:14</span>
        <span class="LEVEL">DEBUG</span>
        <span class="MSG"> :=========End Of design===========</span>
    </div>

    <div  class="LOG INFO">
        <span class="DATE">Mon, 12 Oct 2015 17:43:50</span>
        <span class="LEVEL">INFO</span>
        <span class="MSG">: Overall finplate connection design is safe 
</span>
    </div>

    <div  class="LOG DEBUG">
        <span class="DATE">Mon, 12 Oct 2015 17:43:50</span>
        <span class="LEVEL">DEBUG</span>
        <span class="MSG"> :=========End Of design===========</span>
    </div>

    <div  class="LOG INFO">
        <span class="DATE">Mon, 12 Oct 2015 17:43:50</span>
        <span class="LEVEL">INFO</span>
        <span class="MSG">: Overall finplate connection design is safe 
</span>
    </div>

    <div  class="LOG DEBUG">
        <span class="DATE">Mon, 12 Oct 2015 17:43:50</span>
        <span class="LEVEL">DEBUG</span>
        <span class="MSG"> :=========End Of design===========</span>
    </div>

    <div  class="LOG INFO">
        <span class="DATE">Mon, 12 Oct 2015 17:43:53</span>
        <span class="LEVEL">INFO</span>
        <span class="MSG">: Overall finplate connection design is safe 
</span>
    </div>

    <div  class="LOG DEBUG">
        <span class="DATE">Mon, 12 Oct 2015 17:43:53</span>
        <span class="LEVEL">DEBUG</span>
        <span class="MSG"> :=========End Of design===========</span>
    </div>

    <div  class="LOG INFO">
        <span class="DATE">Mon, 12 Oct 2015 17:46:15</span>
        <span class="LEVEL">INFO</span>
        <span class="MSG">: Overall finplate connection design is safe 
</span>
    </div>

    <div  class="LOG DEBUG">
        <span class="DATE">Mon, 12 Oct 2015 17:46:15</span>
        <span class="LEVEL">DEBUG</span>
        <span class="MSG"> :=========End Of design===========</span>
    </div>

    <div  class="LOG INFO">
        <span class="DATE">Mon, 12 Oct 2015 17:46:15</span>
        <span class="LEVEL">INFO</span>
        <span class="MSG">: Overall finplate connection design is safe 
</span>
    </div>

    <div  class="LOG DEBUG">
        <span class="DATE">Mon, 12 Oct 2015 17:46:15</span>
        <span class="LEVEL">DEBUG</span>
        <span class="MSG"> :=========End Of design===========</span>
    </div>

    <div  class="LOG INFO">
        <span class="DATE">Mon, 12 Oct 2015 17:47:24</span>
        <span class="LEVEL">INFO</span>
        <span class="MSG">: Overall finplate connection design is safe 
</span>
    </div>

    <div  class="LOG DEBUG">
        <span class="DATE">Mon, 12 Oct 2015 17:47:24</span>
        <span class="LEVEL">DEBUG</span>
        <span class="MSG"> :=========End Of design===========</span>
    </div>

    <div  class="LOG INFO">
        <span class="DATE">Mon, 12 Oct 2015 17:47:24</span>
        <span class="LEVEL">INFO</span>
        <span class="MSG">: Overall finplate connection design is safe 
</span>
    </div>

    <div  class="LOG DEBUG">
        <span class="DATE">Mon, 12 Oct 2015 17:47:24</span>
        <span class="LEVEL">DEBUG</span>
        <span class="MSG"> :=========End Of design===========</span>
    </div>

    <div  class="LOG INFO">
        <span class="DATE">Mon, 12 Oct 2015 17:48:27</span>
        <span class="LEVEL">INFO</span>
        <span class="MSG">: Overall finplate connection design is safe 
</span>
    </div>

    <div  class="LOG DEBUG">
        <span class="DATE">Mon, 12 Oct 2015 17:48:27</span>
        <span class="LEVEL">DEBUG</span>
        <span class="MSG"> :=========End Of design===========</span>
    </div>

    <div  class="LOG INFO">
        <span class="DATE">Mon, 12 Oct 2015 17:48:27</span>
        <span class="LEVEL">INFO</span>
        <span class="MSG">: Overall finplate connection design is safe 
</span>
    </div>

    <div  class="LOG DEBUG">
        <span class="DATE">Mon, 12 Oct 2015 17:48:27</span>
        <span class="LEVEL">DEBUG</span>
        <span class="MSG"> :=========End Of design===========</span>
    </div>

    <div  class="LOG INFO">
        <span class="DATE">Mon, 12 Oct 2015 17:48:32</span>
        <span class="LEVEL">INFO</span>
        <span class="MSG">: Overall finplate connection design is safe 
</span>
    </div>

    <div  class="LOG DEBUG">
        <span class="DATE">Mon, 12 Oct 2015 17:48:32</span>
        <span class="LEVEL">DEBUG</span>
        <span class="MSG"> :=========End Of design===========</span>
    </div>

    <div  class="LOG INFO">
        <span class="DATE">Mon, 12 Oct 2015 17:51:05</span>
        <span class="LEVEL">INFO</span>
        <span class="MSG">: Overall finplate connection design is safe 
</span>
    </div>

    <div  class="LOG DEBUG">
        <span class="DATE">Mon, 12 Oct 2015 17:51:05</span>
        <span class="LEVEL">DEBUG</span>
        <span class="MSG"> :=========End Of design===========</span>
    </div>

    <div  class="LOG INFO">
        <span class="DATE">Mon, 12 Oct 2015 17:51:05</span>
        <span class="LEVEL">INFO</span>
        <span class="MSG">: Overall finplate connection design is safe 
</span>
    </div>

    <div  class="LOG DEBUG">
        <span class="DATE">Mon, 12 Oct 2015 17:51:05</span>
        <span class="LEVEL">DEBUG</span>
        <span class="MSG"> :=========End Of design===========</span>
    </div>

    <div  class="LOG INFO">
        <span class="DATE">Mon, 12 Oct 2015 17:51:12</span>
        <span class="LEVEL">INFO</span>
        <span class="MSG">: Overall finplate connection design is safe 
</span>
    </div>

    <div  class="LOG DEBUG">
        <span class="DATE">Mon, 12 Oct 2015 17:51:12</span>
        <span class="LEVEL">DEBUG</span>
        <span class="MSG"> :=========End Of design===========</span>
    </div>

    <div  class="LOG INFO">
        <span class="DATE">Mon, 12 Oct 2015 17:51:12</span>
        <span class="LEVEL">INFO</span>
        <span class="MSG">: Overall finplate connection design is safe 
</span>
    </div>

    <div  class="LOG DEBUG">
        <span class="DATE">Mon, 12 Oct 2015 17:51:12</span>
        <span class="LEVEL">DEBUG</span>
        <span class="MSG"> :=========End Of design===========</span>
    </div>

    <div  class="LOG INFO">
        <span class="DATE">Mon, 12 Oct 2015 17:51:16</span>
        <span class="LEVEL">INFO</span>
        <span class="MSG">: Overall finplate connection design is safe 
</span>
    </div>

    <div  class="LOG DEBUG">
        <span class="DATE">Mon, 12 Oct 2015 17:51:16</span>
        <span class="LEVEL">DEBUG</span>
        <span class="MSG"> :=========End Of design===========</span>
    </div>

    <div  class="LOG INFO">
        <span class="DATE">Mon, 12 Oct 2015 17:52:27</span>
        <span class="LEVEL">INFO</span>
        <span class="MSG">: Overall finplate connection design is safe 
</span>
    </div>

    <div  class="LOG DEBUG">
        <span class="DATE">Mon, 12 Oct 2015 17:52:27</span>
        <span class="LEVEL">DEBUG</span>
        <span class="MSG"> :=========End Of design===========</span>
    </div>

    <div  class="LOG INFO">
        <span class="DATE">Mon, 12 Oct 2015 17:52:27</span>
        <span class="LEVEL">INFO</span>
        <span class="MSG">: Overall finplate connection design is safe 
</span>
    </div>

    <div  class="LOG DEBUG">
        <span class="DATE">Mon, 12 Oct 2015 17:52:27</span>
        <span class="LEVEL">DEBUG</span>
        <span class="MSG"> :=========End Of design===========</span>
    </div>

    <div  class="LOG INFO">
        <span class="DATE">Mon, 12 Oct 2015 17:52:31</span>
        <span class="LEVEL">INFO</span>
        <span class="MSG">: Overall finplate connection design is safe 
</span>
    </div>

    <div  class="LOG DEBUG">
        <span class="DATE">Mon, 12 Oct 2015 17:52:31</span>
        <span class="LEVEL">DEBUG</span>
        <span class="MSG"> :=========End Of design===========</span>
    </div>

    <div  class="LOG INFO">
        <span class="DATE">Mon, 12 Oct 2015 17:54:27</span>
        <span class="LEVEL">INFO</span>
        <span class="MSG">: Overall finplate connection design is safe 
</span>
    </div>

    <div  class="LOG DEBUG">
        <span class="DATE">Mon, 12 Oct 2015 17:54:27</span>
        <span class="LEVEL">DEBUG</span>
        <span class="MSG"> :=========End Of design===========</span>
    </div>

    <div  class="LOG INFO">
        <span class="DATE">Mon, 12 Oct 2015 17:54:27</span>
        <span class="LEVEL">INFO</span>
        <span class="MSG">: Overall finplate connection design is safe 
</span>
    </div>

    <div  class="LOG DEBUG">
        <span class="DATE">Mon, 12 Oct 2015 17:54:27</span>
        <span class="LEVEL">DEBUG</span>
        <span class="MSG"> :=========End Of design===========</span>
    </div>

    <div  class="LOG INFO">
        <span class="DATE">Mon, 12 Oct 2015 17:54:30</span>
        <span class="LEVEL">INFO</span>
        <span class="MSG">: Overall finplate connection design is safe 
</span>
    </div>

    <div  class="LOG DEBUG">
        <span class="DATE">Mon, 12 Oct 2015 17:54:30</span>
        <span class="LEVEL">DEBUG</span>
        <span class="MSG"> :=========End Of design===========</span>
    </div>

    <div  class="LOG INFO">
        <span class="DATE">Mon, 12 Oct 2015 18:08:42</span>
        <span class="LEVEL">INFO</span>
        <span class="MSG">: Overall finplate connection design is safe 
</span>
    </div>

    <div  class="LOG DEBUG">
        <span class="DATE">Mon, 12 Oct 2015 18:08:42</span>
        <span class="LEVEL">DEBUG</span>
        <span class="MSG"> :=========End Of design===========</span>
    </div>

    <div  class="LOG INFO">
        <span class="DATE">Mon, 12 Oct 2015 18:08:42</span>
        <span class="LEVEL">INFO</span>
        <span class="MSG">: Overall finplate connection design is safe 
</span>
    </div>

    <div  class="LOG DEBUG">
        <span class="DATE">Mon, 12 Oct 2015 18:08:42</span>
        <span class="LEVEL">DEBUG</span>
        <span class="MSG"> :=========End Of design===========</span>
    </div>

    <div  class="LOG INFO">
        <span class="DATE">Mon, 12 Oct 2015 18:08:45</span>
        <span class="LEVEL">INFO</span>
        <span class="MSG">: Overall finplate connection design is safe 
</span>
    </div>

    <div  class="LOG DEBUG">
        <span class="DATE">Mon, 12 Oct 2015 18:08:45</span>
        <span class="LEVEL">DEBUG</span>
        <span class="MSG"> :=========End Of design===========</span>
    </div>

    <div  class="LOG INFO">
        <span class="DATE">Mon, 12 Oct 2015 18:14:00</span>
        <span class="LEVEL">INFO</span>
        <span class="MSG">: Overall finplate connection design is safe 
</span>
    </div>

    <div  class="LOG DEBUG">
        <span class="DATE">Mon, 12 Oct 2015 18:14:00</span>
        <span class="LEVEL">DEBUG</span>
        <span class="MSG"> :=========End Of design===========</span>
    </div>

    <div  class="LOG INFO">
        <span class="DATE">Mon, 12 Oct 2015 18:14:00</span>
        <span class="LEVEL">INFO</span>
        <span class="MSG">: Overall finplate connection design is safe 
</span>
    </div>

    <div  class="LOG DEBUG">
        <span class="DATE">Mon, 12 Oct 2015 18:14:00</span>
        <span class="LEVEL">DEBUG</span>
        <span class="MSG"> :=========End Of design===========</span>
    </div>

    <div  class="LOG INFO">
        <span class="DATE">Mon, 12 Oct 2015 18:14:04</span>
        <span class="LEVEL">INFO</span>
        <span class="MSG">: Overall finplate connection design is safe 
</span>
    </div>

    <div  class="LOG DEBUG">
        <span class="DATE">Mon, 12 Oct 2015 18:14:04</span>
        <span class="LEVEL">DEBUG</span>
        <span class="MSG"> :=========End Of design===========</span>
    </div>

    <div  class="LOG INFO">
        <span class="DATE">Mon, 12 Oct 2015 18:28:12</span>
        <span class="LEVEL">INFO</span>
        <span class="MSG">: Overall finplate connection design is safe 
</span>
    </div>

    <div  class="LOG DEBUG">
        <span class="DATE">Mon, 12 Oct 2015 18:28:12</span>
        <span class="LEVEL">DEBUG</span>
        <span class="MSG"> :=========End Of design===========</span>
    </div>

    <div  class="LOG INFO">
        <span class="DATE">Mon, 12 Oct 2015 18:28:12</span>
        <span class="LEVEL">INFO</span>
        <span class="MSG">: Overall finplate connection design is safe 
</span>
    </div>

    <div  class="LOG DEBUG">
        <span class="DATE">Mon, 12 Oct 2015 18:28:12</span>
        <span class="LEVEL">DEBUG</span>
        <span class="MSG"> :=========End Of design===========</span>
    </div>

    <div  class="LOG INFO">
        <span class="DATE">Mon, 12 Oct 2015 18:28:16</span>
        <span class="LEVEL">INFO</span>
        <span class="MSG">: Overall finplate connection design is safe 
</span>
    </div>

    <div  class="LOG DEBUG">
        <span class="DATE">Mon, 12 Oct 2015 18:28:16</span>
        <span class="LEVEL">DEBUG</span>
        <span class="MSG"> :=========End Of design===========</span>
    </div>

    <div  class="LOG INFO">
        <span class="DATE">Mon, 12 Oct 2015 18:31:01</span>
        <span class="LEVEL">INFO</span>
        <span class="MSG">: Overall finplate connection design is safe 
</span>
    </div>

    <div  class="LOG DEBUG">
        <span class="DATE">Mon, 12 Oct 2015 18:31:01</span>
        <span class="LEVEL">DEBUG</span>
        <span class="MSG"> :=========End Of design===========</span>
    </div>

    <div  class="LOG INFO">
        <span class="DATE">Mon, 12 Oct 2015 18:31:01</span>
        <span class="LEVEL">INFO</span>
        <span class="MSG">: Overall finplate connection design is safe 
</span>
    </div>

    <div  class="LOG DEBUG">
        <span class="DATE">Mon, 12 Oct 2015 18:31:01</span>
        <span class="LEVEL">DEBUG</span>
        <span class="MSG"> :=========End Of design===========</span>
    </div>

    <div  class="LOG INFO">
        <span class="DATE">Mon, 12 Oct 2015 18:31:05</span>
        <span class="LEVEL">INFO</span>
        <span class="MSG">: Overall finplate connection design is safe 
</span>
    </div>

    <div  class="LOG DEBUG">
        <span class="DATE">Mon, 12 Oct 2015 18:31:05</span>
        <span class="LEVEL">DEBUG</span>
        <span class="MSG"> :=========End Of design===========</span>
    </div>

    <div  class="LOG INFO">
        <span class="DATE">Mon, 12 Oct 2015 18:32:12</span>
        <span class="LEVEL">INFO</span>
        <span class="MSG">: Overall finplate connection design is safe 
</span>
    </div>

    <div  class="LOG DEBUG">
        <span class="DATE">Mon, 12 Oct 2015 18:32:12</span>
        <span class="LEVEL">DEBUG</span>
        <span class="MSG"> :=========End Of design===========</span>
    </div>

    <div  class="LOG INFO">
        <span class="DATE">Mon, 12 Oct 2015 18:32:12</span>
        <span class="LEVEL">INFO</span>
        <span class="MSG">: Overall finplate connection design is safe 
</span>
    </div>

    <div  class="LOG DEBUG">
        <span class="DATE">Mon, 12 Oct 2015 18:32:12</span>
        <span class="LEVEL">DEBUG</span>
        <span class="MSG"> :=========End Of design===========</span>
    </div>

    <div  class="LOG INFO">
        <span class="DATE">Mon, 12 Oct 2015 18:32:15</span>
        <span class="LEVEL">INFO</span>
        <span class="MSG">: Overall finplate connection design is safe 
</span>
    </div>

    <div  class="LOG DEBUG">
        <span class="DATE">Mon, 12 Oct 2015 18:32:15</span>
        <span class="LEVEL">DEBUG</span>
        <span class="MSG"> :=========End Of design===========</span>
    </div>

    <div  class="LOG INFO">
        <span class="DATE">Mon, 12 Oct 2015 18:33:07</span>
        <span class="LEVEL">INFO</span>
        <span class="MSG">: Overall finplate connection design is safe 
</span>
    </div>

    <div  class="LOG DEBUG">
        <span class="DATE">Mon, 12 Oct 2015 18:33:07</span>
        <span class="LEVEL">DEBUG</span>
        <span class="MSG"> :=========End Of design===========</span>
    </div>

    <div  class="LOG INFO">
        <span class="DATE">Mon, 12 Oct 2015 18:33:07</span>
        <span class="LEVEL">INFO</span>
        <span class="MSG">: Overall finplate connection design is safe 
</span>
    </div>

    <div  class="LOG DEBUG">
        <span class="DATE">Mon, 12 Oct 2015 18:33:07</span>
        <span class="LEVEL">DEBUG</span>
        <span class="MSG"> :=========End Of design===========</span>
    </div>

    <div  class="LOG INFO">
        <span class="DATE">Mon, 12 Oct 2015 18:33:12</span>
        <span class="LEVEL">INFO</span>
        <span class="MSG">: Overall finplate connection design is safe 
</span>
    </div>

    <div  class="LOG DEBUG">
        <span class="DATE">Mon, 12 Oct 2015 18:33:12</span>
        <span class="LEVEL">DEBUG</span>
        <span class="MSG"> :=========End Of design===========</span>
    </div>

    <div  class="LOG INFO">
        <span class="DATE">Mon, 12 Oct 2015 18:35:16</span>
        <span class="LEVEL">INFO</span>
        <span class="MSG">: Overall finplate connection design is safe 
</span>
    </div>

    <div  class="LOG DEBUG">
        <span class="DATE">Mon, 12 Oct 2015 18:35:16</span>
        <span class="LEVEL">DEBUG</span>
        <span class="MSG"> :=========End Of design===========</span>
    </div>

    <div  class="LOG INFO">
        <span class="DATE">Mon, 12 Oct 2015 18:35:16</span>
        <span class="LEVEL">INFO</span>
        <span class="MSG">: Overall finplate connection design is safe 
</span>
    </div>

    <div  class="LOG DEBUG">
        <span class="DATE">Mon, 12 Oct 2015 18:35:16</span>
        <span class="LEVEL">DEBUG</span>
        <span class="MSG"> :=========End Of design===========</span>
    </div>

    <div  class="LOG INFO">
        <span class="DATE">Mon, 12 Oct 2015 18:35:19</span>
        <span class="LEVEL">INFO</span>
        <span class="MSG">: Overall finplate connection design is safe 
</span>
    </div>

    <div  class="LOG DEBUG">
        <span class="DATE">Mon, 12 Oct 2015 18:35:19</span>
        <span class="LEVEL">DEBUG</span>
        <span class="MSG"> :=========End Of design===========</span>
    </div>

    <div  class="LOG INFO">
        <span class="DATE">Mon, 12 Oct 2015 18:38:33</span>
        <span class="LEVEL">INFO</span>
        <span class="MSG">: Overall finplate connection design is safe 
</span>
    </div>

    <div  class="LOG DEBUG">
        <span class="DATE">Mon, 12 Oct 2015 18:38:33</span>
        <span class="LEVEL">DEBUG</span>
        <span class="MSG"> :=========End Of design===========</span>
    </div>

    <div  class="LOG INFO">
        <span class="DATE">Mon, 12 Oct 2015 18:38:33</span>
        <span class="LEVEL">INFO</span>
        <span class="MSG">: Overall finplate connection design is safe 
</span>
    </div>

    <div  class="LOG DEBUG">
        <span class="DATE">Mon, 12 Oct 2015 18:38:33</span>
        <span class="LEVEL">DEBUG</span>
        <span class="MSG"> :=========End Of design===========</span>
    </div>

    <div  class="LOG INFO">
        <span class="DATE">Mon, 12 Oct 2015 18:38:37</span>
        <span class="LEVEL">INFO</span>
        <span class="MSG">: Overall finplate connection design is safe 
</span>
    </div>

    <div  class="LOG DEBUG">
        <span class="DATE">Mon, 12 Oct 2015 18:38:37</span>
        <span class="LEVEL">DEBUG</span>
        <span class="MSG"> :=========End Of design===========</span>
    </div>

    <div  class="LOG INFO">
        <span class="DATE">Mon, 12 Oct 2015 18:39:15</span>
        <span class="LEVEL">INFO</span>
        <span class="MSG">: Overall finplate connection design is safe 
</span>
    </div>

    <div  class="LOG DEBUG">
        <span class="DATE">Mon, 12 Oct 2015 18:39:15</span>
        <span class="LEVEL">DEBUG</span>
        <span class="MSG"> :=========End Of design===========</span>
    </div>

    <div  class="LOG INFO">
        <span class="DATE">Mon, 12 Oct 2015 18:39:15</span>
        <span class="LEVEL">INFO</span>
        <span class="MSG">: Overall finplate connection design is safe 
</span>
    </div>

    <div  class="LOG DEBUG">
        <span class="DATE">Mon, 12 Oct 2015 18:39:15</span>
        <span class="LEVEL">DEBUG</span>
        <span class="MSG"> :=========End Of design===========</span>
    </div>

    <div  class="LOG INFO">
        <span class="DATE">Mon, 12 Oct 2015 18:39:17</span>
        <span class="LEVEL">INFO</span>
        <span class="MSG">: Overall finplate connection design is safe 
</span>
    </div>

    <div  class="LOG DEBUG">
        <span class="DATE">Mon, 12 Oct 2015 18:39:17</span>
        <span class="LEVEL">DEBUG</span>
        <span class="MSG"> :=========End Of design===========</span>
    </div>

    <div  class="LOG INFO">
        <span class="DATE">Mon, 12 Oct 2015 18:39:53</span>
        <span class="LEVEL">INFO</span>
        <span class="MSG">: Overall finplate connection design is safe 
</span>
    </div>

    <div  class="LOG DEBUG">
        <span class="DATE">Mon, 12 Oct 2015 18:39:53</span>
        <span class="LEVEL">DEBUG</span>
        <span class="MSG"> :=========End Of design===========</span>
    </div>

    <div  class="LOG INFO">
        <span class="DATE">Mon, 12 Oct 2015 18:39:53</span>
        <span class="LEVEL">INFO</span>
        <span class="MSG">: Overall finplate connection design is safe 
</span>
    </div>

    <div  class="LOG DEBUG">
        <span class="DATE">Mon, 12 Oct 2015 18:39:53</span>
        <span class="LEVEL">DEBUG</span>
        <span class="MSG"> :=========End Of design===========</span>
    </div>

    <div  class="LOG INFO">
        <span class="DATE">Mon, 12 Oct 2015 18:39:56</span>
        <span class="LEVEL">INFO</span>
        <span class="MSG">: Overall finplate connection design is safe 
</span>
    </div>

    <div  class="LOG DEBUG">
        <span class="DATE">Mon, 12 Oct 2015 18:39:56</span>
        <span class="LEVEL">DEBUG</span>
        <span class="MSG"> :=========End Of design===========</span>
    </div>

    <div  class="LOG INFO">
        <span class="DATE">Tue, 20 Oct 2015 17:38:46</span>
        <span class="LEVEL">INFO</span>
        <span class="MSG">: Overall finplate connection design is safe 
</span>
    </div>

    <div  class="LOG DEBUG">
        <span class="DATE">Tue, 20 Oct 2015 17:38:46</span>
        <span class="LEVEL">DEBUG</span>
        <span class="MSG"> :=========End Of design===========</span>
    </div>

    <div  class="LOG INFO">
        <span class="DATE">Tue, 20 Oct 2015 17:38:46</span>
        <span class="LEVEL">INFO</span>
        <span class="MSG">: Overall finplate connection design is safe 
</span>
    </div>

    <div  class="LOG DEBUG">
        <span class="DATE">Tue, 20 Oct 2015 17:38:46</span>
        <span class="LEVEL">DEBUG</span>
        <span class="MSG"> :=========End Of design===========</span>
    </div>

    <div  class="LOG INFO">
        <span class="DATE">Tue, 20 Oct 2015 17:38:50</span>
        <span class="LEVEL">INFO</span>
        <span class="MSG">: Overall finplate connection design is safe 
</span>
    </div>

    <div  class="LOG DEBUG">
        <span class="DATE">Tue, 20 Oct 2015 17:38:50</span>
        <span class="LEVEL">DEBUG</span>
        <span class="MSG"> :=========End Of design===========</span>
    </div>
